<?xml version="1.0" encoding="UTF-8"?>
<testsuite xmlns:xsi="http://www.w3.org/2001/XMLSchema-instance" xsi:noNamespaceSchemaLocation="https://maven.apache.org/surefire/maven-surefire-plugin/xsd/surefire-test-report-3.0.xsd" version="3.0" name="com.quick.beauty.quickbeautyapi.QuickbeautyapiApplicationTests" time="21.508" tests="1" errors="0" skipped="0" failures="0">
  <properties>
[...]
</properties>
  <testcase name="contextLoads" classname="com.quick.beauty.quickbeautyapi.QuickbeautyapiApplicationTests" time="1.741">
    <system-out><![CDATA[Standard Commons Logging discovery in action with spring-jcl: please remove commons-logging.jar from classpath in order to avoid potential conflicts
23:09:44.639 [main] INFO org.springframework.test.context.support.AnnotationConfigContextLoaderUtils -- Could not detect default configuration classes for test class [com.quick.beauty.quickbeautyapi.QuickbeautyapiApplicationTests]: QuickbeautyapiApplicationTests does not declare any static, non-private, non-final, nested classes annotated with @Configuration.
23:09:45.004 [main] INFO org.springframework.boot.test.context.SpringBootTestContextBootstrapper -- Found @SpringBootConfiguration com.quick.beauty.quickbeautyapi.QuickbeautyapiApplication for test class com.quick.beauty.quickbeautyapi.QuickbeautyapiApplicationTests

  .   ____          _            __ _ _
 /\\ / ___'_ __ _ _(_)_ __  __ _ \ \ \ \
( ( )\___ | '_ | '_| | '_ \/ _` | \ \ \ \
 \\/  ___)| |_)| | | | | || (_| |  ) ) ) )
  '  |____| .__|_| |_|_| |_\__, | / / / /
 =========|_|==============|___/=/_/_/_/
 :: Spring Boot ::                (v3.2.4)

2024-04-25T23:09:46.325-03:00  INFO 12480 --- [           main] c.q.b.q.QuickbeautyapiApplicationTests   : Starting QuickbeautyapiApplicationTests using Java 17.0.10 with PID 12480 (started by Patricia Castro in C:\Users\Patricia Castro\Desktop\SpringSpace\Projects\quickbeautyapi)
2024-04-25T23:09:46.329-03:00  INFO 12480 --- [           main] c.q.b.q.QuickbeautyapiApplicationTests   : No active profile set, falling back to 1 default profile: "default"
2024-04-25T23:09:48.940-03:00  INFO 12480 --- [           main] .s.d.r.c.RepositoryConfigurationDelegate : Bootstrapping Spring Data JPA repositories in DEFAULT mode.
2024-04-25T23:09:49.256-03:00  INFO 12480 --- [           main] .s.d.r.c.RepositoryConfigurationDelegate : Finished Spring Data repository scanning in 263 ms. Found 9 JPA repository interfaces.
2024-04-25T23:09:51.114-03:00  INFO 12480 --- [           main] o.hibernate.jpa.internal.util.LogHelper  : HHH000204: Processing PersistenceUnitInfo [name: default]
2024-04-25T23:09:51.478-03:00  INFO 12480 --- [           main] org.hibernate.Version                    : HHH000412: Hibernate ORM core version 6.4.4.Final
2024-04-25T23:09:51.637-03:00  INFO 12480 --- [           main] o.h.c.internal.RegionFactoryInitiator    : HHH000026: Second-level cache disabled
2024-04-25T23:09:52.771-03:00  INFO 12480 --- [           main] o.s.o.j.p.SpringPersistenceUnitInfo      : No LoadTimeWeaver setup: ignoring JPA class transformer
2024-04-25T23:09:52.891-03:00  INFO 12480 --- [           main] com.zaxxer.hikari.HikariDataSource       : HikariPool-1 - Starting...
2024-04-25T23:09:53.700-03:00  INFO 12480 --- [           main] com.zaxxer.hikari.pool.HikariPool        : HikariPool-1 - Added connection org.postgresql.jdbc.PgConnection@752973de
2024-04-25T23:09:53.707-03:00  INFO 12480 --- [           main] com.zaxxer.hikari.HikariDataSource       : HikariPool-1 - Start completed.
2024-04-25T23:09:58.051-03:00  INFO 12480 --- [           main] o.h.e.t.j.p.i.JtaPlatformInitiator       : HHH000489: No JTA platform available (set 'hibernate.transaction.jta.platform' to enable JTA platform integration)
Hibernate: drop table if exists tb_adherence_of_registrations_per_day cascade
2024-04-25T23:09:58.116-03:00  WARN 12480 --- [           main] o.h.engine.jdbc.spi.SqlExceptionHelper   : SQL Warning Code: 0, SQLState: 00000
2024-04-25T23:09:58.117-03:00  WARN 12480 --- [           main] o.h.engine.jdbc.spi.SqlExceptionHelper   : table "tb_adherence_of_registrations_per_day" does not exist, skipping
Hibernate: drop table if exists tb_admin cascade
2024-04-25T23:09:58.119-03:00  WARN 12480 --- [           main] o.h.engine.jdbc.spi.SqlExceptionHelper   : SQL Warning Code: 0, SQLState: 00000
2024-04-25T23:09:58.119-03:00  WARN 12480 --- [           main] o.h.engine.jdbc.spi.SqlExceptionHelper   : table "tb_admin" does not exist, skipping
Hibernate: drop table if exists tb_client cascade
2024-04-25T23:09:58.120-03:00  WARN 12480 --- [           main] o.h.engine.jdbc.spi.SqlExceptionHelper   : SQL Warning Code: 0, SQLState: 00000
2024-04-25T23:09:58.121-03:00  WARN 12480 --- [           main] o.h.engine.jdbc.spi.SqlExceptionHelper   : table "tb_client" does not exist, skipping
Hibernate: drop table if exists tb_form_of_payment cascade
2024-04-25T23:09:58.122-03:00  WARN 12480 --- [           main] o.h.engine.jdbc.spi.SqlExceptionHelper   : SQL Warning Code: 0, SQLState: 00000
2024-04-25T23:09:58.123-03:00  WARN 12480 --- [           main] o.h.engine.jdbc.spi.SqlExceptionHelper   : table "tb_form_of_payment" does not exist, skipping
Hibernate: drop table if exists tb_payment cascade
2024-04-25T23:09:58.124-03:00  WARN 12480 --- [           main] o.h.engine.jdbc.spi.SqlExceptionHelper   : SQL Warning Code: 0, SQLState: 00000
2024-04-25T23:09:58.125-03:00  WARN 12480 --- [           main] o.h.engine.jdbc.spi.SqlExceptionHelper   : table "tb_payment" does not exist, skipping
Hibernate: drop table if exists tb_professional cascade
2024-04-25T23:09:58.126-03:00  WARN 12480 --- [           main] o.h.engine.jdbc.spi.SqlExceptionHelper   : SQL Warning Code: 0, SQLState: 00000
2024-04-25T23:09:58.127-03:00  WARN 12480 --- [           main] o.h.engine.jdbc.spi.SqlExceptionHelper   : table "tb_professional" does not exist, skipping
Hibernate: drop table if exists tb_scheduling cascade
2024-04-25T23:09:58.128-03:00  WARN 12480 --- [           main] o.h.engine.jdbc.spi.SqlExceptionHelper   : SQL Warning Code: 0, SQLState: 00000
2024-04-25T23:09:58.129-03:00  WARN 12480 --- [           main] o.h.engine.jdbc.spi.SqlExceptionHelper   : table "tb_scheduling" does not exist, skipping
Hibernate: drop table if exists tb_service cascade
2024-04-25T23:09:58.130-03:00  WARN 12480 --- [           main] o.h.engine.jdbc.spi.SqlExceptionHelper   : SQL Warning Code: 0, SQLState: 00000
2024-04-25T23:09:58.130-03:00  WARN 12480 --- [           main] o.h.engine.jdbc.spi.SqlExceptionHelper   : table "tb_service" does not exist, skipping
Hibernate: drop table if exists tb_user cascade
2024-04-25T23:09:58.132-03:00  WARN 12480 --- [           main] o.h.engine.jdbc.spi.SqlExceptionHelper   : SQL Warning Code: 0, SQLState: 00000
2024-04-25T23:09:58.132-03:00  WARN 12480 --- [           main] o.h.engine.jdbc.spi.SqlExceptionHelper   : table "tb_user" does not exist, skipping
Hibernate: create table tb_adherence_of_registrations_per_day (today date, how_many_admins bigint, how_many_clients bigint, how_many_professionals bigint, how_many_users bigint, id bigserial not null, primary key (id))
Hibernate: create table tb_admin (criation_date date, id bigserial not null, user_id bigint not null unique, primary key (id))
Hibernate: create table tb_client (id bigserial not null, user_id bigint not null unique, primary key (id))
Hibernate: create table tb_form_of_payment (id bigserial not null, name_form_of_payment varchar(255), primary key (id))
Hibernate: create table tb_payment (price float(53) not null, client_id bigint not null, id bigserial not null, id_form_of_payment bigint not null, pay_day timestamp(6), professional_id bigint not null, primary key (id))
Hibernate: create table tb_professional (id bigserial not null, user_id bigint not null, specialty varchar(255), primary key (id))
Hibernate: create table tb_scheduling (id bigserial not null, id_client bigint not null, id_payment bigint not null, id_professional bigint not null, id_service bigint not null, marked_date timestamp(6), primary key (id))
Hibernate: create table tb_service (service_finished boolean not null, date_of_making_the_request timestamp(6) not null, id bigserial not null, distance varchar(255) not null, gathering_place varchar(255) not null, service_description varchar(255), primary key (id))
Hibernate: create table tb_user (active boolean not null, evaluation_note float(53) not null, id bigserial not null, cep varchar(255) not null, cpf varchar(255) not null unique, date_of_birth varchar(255), email varchar(255) not null unique, house_number varchar(255) not null, password varchar(255) not null, phone_number varchar(255) not null unique, type varchar(255) not null, user_image TEXT, username varchar(255) not null unique, primary key (id))
Hibernate: INSERT INTO tb_user(USERNAME, CPF, DATE_OF_BIRTH, EMAIL, PASSWORD, TYPE, PHONE_NUMBER, CEP, HOUSE_NUMBER, EVALUATION_NOTE, ACTIVE) VALUES ('Maria', '32198709876', '1998-05-10', 'maria@gmail.com', '$2a$10$nt47ghQ4yzVAv5fFJaFPDOwQul2bgfkvy077BWjEx71NhzMItp8qa', 'CLIENT', '970986876', '29116560', '55', 4.1, true)
Hibernate: INSERT INTO tb_user(USERNAME, CPF, DATE_OF_BIRTH, EMAIL, PASSWORD, TYPE, PHONE_NUMBER, CEP, HOUSE_NUMBER, EVALUATION_NOTE, ACTIVE) VALUES ('Bob', '23178976543', '2007-12-01', 'bob@gmail.com', '$2a$10$nt47ghQ4yzVAv5fFJaFPDOwQul2bgfkvy077BWjEx71NhzMItp8qa', 'CLIENT', '980976543', '24752650', '49', 4.4, true)
Hibernate: INSERT INTO tb_user(USERNAME, CPF, DATE_OF_BIRTH, EMAIL, PASSWORD, TYPE, PHONE_NUMBER, CEP, HOUSE_NUMBER, EVALUATION_NOTE, ACTIVE) VALUES ('Alex', '45231098712', '2001-02-15', 'alex@gmail.com', '$2a$10$nt47ghQ4yzVAv5fFJaFPDOwQul2bgfkvy077BWjEx71NhzMItp8qa', 'CLIENT', '967865432', '67140110', '21', 4.9, true)
Hibernate: INSERT INTO tb_user(USERNAME, CPF, DATE_OF_BIRTH, EMAIL, PASSWORD, TYPE, PHONE_NUMBER, CEP, HOUSE_NUMBER, EVALUATION_NOTE, ACTIVE) VALUES ('Ana', '45098172321', '2004-03-17', 'ana@gmail.com', '$2a$10$nt47ghQ4yzVAv5fFJaFPDOwQul2bgfkvy077BWjEx71NhzMItp8qa', 'CLIENT', '940098932', '64023122', '35', 4.7, true)
Hibernate: INSERT INTO tb_user(USERNAME, CPF, DATE_OF_BIRTH, EMAIL, PASSWORD, TYPE, PHONE_NUMBER, CEP, HOUSE_NUMBER, EVALUATION_NOTE, ACTIVE) VALUES ('Ruben', '12332142123', '2002-09-11', 'ruben@gmail.com', '$2a$10$nt47ghQ4yzVAv5fFJaFPDOwQul2bgfkvy077BWjEx71NhzMItp8qa', 'CLIENT', '990988776', '77430460', '42', 4.4, true)
Hibernate: INSERT INTO tb_user(USERNAME, CPF, DATE_OF_BIRTH, EMAIL, PASSWORD, TYPE, PHONE_NUMBER, CEP, HOUSE_NUMBER, EVALUATION_NOTE, ACTIVE) VALUES ('Admin', '42343252321', '2001-09-11', 'admin@admin.com', '$2a$10$nt47ghQ4yzVAv5fFJaFPDOwQul2bgfkvy077BWjEx71NhzMItp8qa', 'ADMIN', '980918777', '75125710', '49', 5.0, true)
Hibernate: INSERT INTO tb_admin(USER_ID, CRIATION_DATE) VALUES(6, '2024-04-01')
Hibernate: INSERT INTO tb_client(USER_ID) VALUES(1)
Hibernate: INSERT INTO tb_client(USER_ID) VALUES(2)
Hibernate: INSERT INTO tb_client(USER_ID) VALUES(3)
Hibernate: INSERT INTO tb_professional(USER_ID, SPECIALTY) VALUES(4, 'Manicure')
Hibernate: INSERT INTO tb_professional(USER_ID, SPECIALTY) VALUES(5, 'Progressiva')
Hibernate: INSERT INTO tb_adherence_of_registrations_per_day(TODAY, HOW_MANY_ADMINS, HOW_MANY_CLIENTS, HOW_MANY_PROFESSIONALS, HOW_MANY_USERS) VALUES('2024-04-15', 0, 0, 0, 0)
Hibernate: INSERT INTO tb_adherence_of_registrations_per_day(TODAY, HOW_MANY_ADMINS, HOW_MANY_CLIENTS, HOW_MANY_PROFESSIONALS, HOW_MANY_USERS) VALUES('2024-04-16', 0, 0, 0, 0)
Hibernate: INSERT INTO tb_adherence_of_registrations_per_day(TODAY, HOW_MANY_ADMINS, HOW_MANY_CLIENTS, HOW_MANY_PROFESSIONALS, HOW_MANY_USERS) VALUES('2024-04-17', 0, 0, 0, 0)
Hibernate: INSERT INTO tb_service(SERVICE_DESCRIPTION, GATHERING_PLACE, DATE_OF_MAKING_THE_REQUEST, DISTANCE, SERVICE_FINISHED) VALUES('Pintura de Cabelo', '01304001', '11/04/2024', '1km', FALSE)
Hibernate: INSERT INTO tb_service(SERVICE_DESCRIPTION, GATHERING_PLACE, DATE_OF_MAKING_THE_REQUEST, DISTANCE, SERVICE_FINISHED) VALUES('Retoque de unhas', '01304000', '11/04/2024', '5km', FALSE)
Hibernate: INSERT INTO tb_form_of_payment(NAME_FORM_OF_PAYMENT) VALUES('CartÃ£o de CrÃ©dito')
Hibernate: INSERT INTO tb_form_of_payment(NAME_FORM_OF_PAYMENT) VALUES('DÃ©bito')
Hibernate: INSERT INTO tb_form_of_payment(NAME_FORM_OF_PAYMENT) VALUES('Pix')
Hibernate: INSERT INTO tb_payment(PAY_DAY, PRICE, ID_FORM_OF_PAYMENT, CLIENT_ID, PROFESSIONAL_ID) VALUES('11/04/2024', 280.55, '2', '3', '2')
Hibernate: INSERT INTO tb_payment(PAY_DAY, PRICE, ID_FORM_OF_PAYMENT, CLIENT_ID, PROFESSIONAL_ID) VALUES('11/04/2024', 480.55, '3', '3', '1')
Hibernate: INSERT INTO tb_scheduling(MARKED_DATE, ID_CLIENT, ID_PROFESSIONAL, ID_SERVICE, ID_PAYMENT) VALUES ('12/04/2024', '1', '2', '1', '1')
Hibernate: INSERT INTO tb_scheduling(MARKED_DATE, ID_CLIENT, ID_PROFESSIONAL, ID_SERVICE, ID_PAYMENT) VALUES ('13/04/2024', '3', '1', '2', '2')
2024-04-25T23:09:59.164-03:00  INFO 12480 --- [           main] j.LocalContainerEntityManagerFactoryBean : Initialized JPA EntityManagerFactory for persistence unit 'default'
2024-04-25T23:10:00.159-03:00  INFO 12480 --- [           main] o.s.d.j.r.query.QueryEnhancerFactory     : Hibernate is in classpath; If applicable, HQL parser will be used.
2024-04-25T23:10:01.779-03:00  WARN 12480 --- [           main] JpaBaseConfiguration$JpaWebConfiguration : spring.jpa.open-in-view is enabled by default. Therefore, database queries may be performed during view rendering. Explicitly configure spring.jpa.open-in-view to disable this warning
2024-04-25T23:10:02.571-03:00  INFO 12480 --- [           main] o.s.s.web.DefaultSecurityFilterChain     : Will secure any request with [org.springframework.security.web.session.DisableEncodeUrlFilter@3ba50851, org.springframework.security.web.context.request.async.WebAsyncManagerIntegrationFilter@5c20841d, org.springframework.security.web.context.SecurityContextHolderFilter@6d70e68b, org.springframework.security.web.header.HeaderWriterFilter@2ebd6a0d, org.springframework.web.filter.CorsFilter@1a1dd8eb, org.springframework.security.web.authentication.logout.LogoutFilter@34e7cde3, com.quick.beauty.quickbeautyapi.configurations.FilterToken@bae5e58, org.springframework.security.web.savedrequest.RequestCacheAwareFilter@3b38f032, org.springframework.security.web.servletapi.SecurityContextHolderAwareRequestFilter@17d83fe4, org.springframework.security.web.authentication.AnonymousAuthenticationFilter@4def900a, org.springframework.security.web.session.SessionManagementFilter@69346100, org.springframework.security.web.access.ExceptionTranslationFilter@22942eff, org.springframework.security.web.access.intercept.AuthorizationFilter@46c61d1]
2024-04-25T23:10:03.741-03:00  INFO 12480 --- [           main] c.q.b.q.QuickbeautyapiApplicationTests   : Started QuickbeautyapiApplicationTests in 18.212 seconds (process running for 21.335)
]]></system-out>
  </testcase>
</testsuite>